<?xml version="1.0" encoding="utf-8"?><testsuites name="pytest tests"><testsuite name="pytest" errors="0" failures="0" skipped="0" tests="65" time="25.667" timestamp="2026-06-10T16:28:54.009276+00:00" hostname="agent-env-5ff9617f-e6cd-4405-9348-64520afb7f4a"><testcase classname="tests.test_grindstation" name="test_health" time="0.180" /><testcase classname="tests.test_grindstation" name="test_register_new_user_returns_token_and_cookie" time="0.391" /><testcase classname="tests.test_grindstation" name="test_register_duplicate_email_rejected" time="0.114" /><testcase classname="tests.test_grindstation" name="test_login_admin_and_member" time="0.690" /><testcase classname="tests.test_grindstation" name="test_login_invalid" time="0.358" /><testcase classname="tests.test_grindstation" name="test_me_with_bearer" time="0.459" /><testcase classname="tests.test_grindstation" name="test_me_with_cookie" time="0.424" /><testcase classname="tests.test_grindstation" name="test_me_no_auth" time="0.148" /><testcase classname="tests.test_grindstation" name="test_logout_clears_cookie" time="0.117" /><testcase classname="tests.test_grindstation" name="test_list_plans_seeded" time="0.113" /><testcase classname="tests.test_grindstation" name="test_update_plan_admin_only" time="0.775" /><testcase classname="tests.test_grindstation" name="test_subscribe_computes_final_amount_and_creates_membership" time="0.566" /><testcase classname="tests.test_grindstation" name="test_subscribe_deactivates_prior_membership" time="0.328" /><testcase classname="tests.test_grindstation" name="test_subscribe_invalid_method" time="0.209" /><testcase classname="tests.test_grindstation" name="test_subscribe_unauth" time="0.119" /><testcase classname="tests.test_grindstation" name="test_dashboard_me_shape" time="0.186" /><testcase classname="tests.test_grindstation" name="test_list_classes_seeded" time="0.131" /><testcase classname="tests.test_grindstation" name="test_book_class_requires_active_membership" time="0.552" /><testcase classname="tests.test_grindstation" name="test_book_and_duplicate_and_cancel" time="0.451" /><testcase classname="tests.test_grindstation" name="test_recovery_usage_initial" time="0.119" /><testcase classname="tests.test_grindstation" name="test_recovery_book_enforces_limit" time="0.433" /><testcase classname="tests.test_grindstation" name="test_recovery_requires_membership" time="0.458" /><testcase classname="tests.test_grindstation" name="test_admin_endpoints_require_admin[/admin/users]" time="0.242" /><testcase classname="tests.test_grindstation" name="test_admin_endpoints_require_admin[/admin/payments]" time="0.245" /><testcase classname="tests.test_grindstation" name="test_admin_endpoints_require_admin[/admin/analytics]" time="0.212" /><testcase classname="tests.test_grindstation" name="test_admin_endpoints_require_admin[/admin/recovery]" time="0.249" /><testcase classname="tests.test_grindstation" name="test_admin_endpoints_require_admin[/admin/bookings]" time="0.214" /><testcase classname="tests.test_grindstation" name="test_admin_analytics_shape" time="0.179" /><testcase classname="tests.test_grindstation" name="test_admin_recovery_reset" time="0.097" /><testcase classname="tests.test_grindstation" name="test_contact_no_auth" time="0.111" /><testcase classname="tests.test_grindstation_v2" name="test_payment_config_disabled_when_no_keys" time="0.105" /><testcase classname="tests.test_grindstation_v2" name="test_create_order_returns_pending_payment_id_inr_and_mock_flag" time="0.568" /><testcase classname="tests.test_grindstation_v2" name="test_verify_creates_membership_and_deactivates_prior" time="1.052" /><testcase classname="tests.test_grindstation_v2" name="test_verify_twice_second_call_fails_400" time="0.837" /><testcase classname="tests.test_grindstation_v2" name="test_legacy_subscribe_still_works" time="0.552" /><testcase classname="tests.test_grindstation_v2" name="test_forgot_password_existing_email_returns_dev_token" time="0.433" /><testcase classname="tests.test_grindstation_v2" name="test_forgot_password_unknown_email_no_leak" time="0.103" /><testcase classname="tests.test_grindstation_v2" name="test_reset_password_flow_then_login_with_new_password" time="1.392" /><testcase classname="tests.test_grindstation_v2" name="test_book_past_session_rejected" time="1.082" /><testcase classname="tests.test_grindstation_v2" name="test_book_beyond_3_days_rejected" time="0.218" /><testcase classname="tests.test_grindstation_v2" name="test_book_within_window_succeeds" time="0.595" /><testcase classname="tests.test_grindstation_v2" name="test_invoice_pdf_for_successful_payment" time="0.251" /><testcase classname="tests.test_grindstation_v2" name="test_invoice_pdf_wrong_user_returns_404" time="0.549" /><testcase classname="tests.test_grindstation_v2" name="test_invoice_pdf_pending_returns_400" time="0.679" /><testcase classname="tests.test_grindstation_v2" name="test_dashboard_payments_excludes_pending" time="0.671" /><testcase classname="tests.test_grindstation_v2" name="test_admin_payments_excludes_pending" time="1.042" /><testcase classname="tests.test_grindstation_v3" name="test_avatar_upload_requires_auth" time="0.116" /><testcase classname="tests.test_grindstation_v3" name="test_avatar_upload_valid_jpeg" time="0.667" /><testcase classname="tests.test_grindstation_v3" name="test_avatar_upload_valid_png" time="0.261" /><testcase classname="tests.test_grindstation_v3" name="test_avatar_upload_valid_webp" time="0.289" /><testcase classname="tests.test_grindstation_v3" name="test_avatar_reject_invalid_content_type" time="0.193" /><testcase classname="tests.test_grindstation_v3" name="test_avatar_reject_text_file" time="0.108" /><testcase classname="tests.test_grindstation_v3" name="test_avatar_reject_oversized" time="0.871" /><testcase classname="tests.test_grindstation_v3" name="test_avatar_reject_empty_file" time="0.109" /><testcase classname="tests.test_grindstation_v3" name="test_avatar_fetch_public_no_auth" time="0.470" /><testcase classname="tests.test_grindstation_v3" name="test_avatar_fetch_wrong_user_returns_404" time="0.106" /><testcase classname="tests.test_grindstation_v3" name="test_me_includes_avatar_url_after_upload" time="1.286" /><testcase classname="tests.test_grindstation_v3" name="test_me_avatar_url_null_for_fresh_user" time="0.431" /><testcase classname="tests.test_grindstation_v3" name="test_avatar_delete_requires_auth" time="0.107" /><testcase classname="tests.test_grindstation_v3" name="test_avatar_delete_flow_clears_avatar" time="0.950" /><testcase classname="tests.test_grindstation_v3" name="test_pwa_manifest_json" time="0.107" /><testcase classname="tests.test_grindstation_v3" name="test_pwa_service_worker_js" time="0.119" /><testcase classname="tests.test_grindstation_v3" name="test_pwa_icon_192_png" time="0.123" /><testcase classname="tests.test_grindstation_v3" name="test_pwa_icon_512_png" time="0.120" /><testcase classname="tests.test_grindstation_v3" name="test_pwa_icon_svg" time="0.134" /></testsuite></testsuites>