<?xml version="1.0" encoding="utf-8"?><testsuites name="pytest tests"><testsuite name="pytest" errors="0" failures="0" skipped="0" tests="30" time="9.689" timestamp="2026-06-10T15:48:37.938397+00:00" hostname="agent-env-5ff9617f-e6cd-4405-9348-64520afb7f4a"><testcase classname="backend.tests.test_grindstation" name="test_health" time="0.969" /><testcase classname="backend.tests.test_grindstation" name="test_register_new_user_returns_token_and_cookie" time="0.343" /><testcase classname="backend.tests.test_grindstation" name="test_register_duplicate_email_rejected" time="0.115" /><testcase classname="backend.tests.test_grindstation" name="test_login_admin_and_member" time="0.673" /><testcase classname="backend.tests.test_grindstation" name="test_login_invalid" time="0.331" /><testcase classname="backend.tests.test_grindstation" name="test_me_with_bearer" time="0.453" /><testcase classname="backend.tests.test_grindstation" name="test_me_with_cookie" time="0.440" /><testcase classname="backend.tests.test_grindstation" name="test_me_no_auth" time="0.102" /><testcase classname="backend.tests.test_grindstation" name="test_logout_clears_cookie" time="0.125" /><testcase classname="backend.tests.test_grindstation" name="test_list_plans_seeded" time="0.109" /><testcase classname="backend.tests.test_grindstation" name="test_update_plan_admin_only" time="0.817" /><testcase classname="backend.tests.test_grindstation" name="test_subscribe_computes_final_amount_and_creates_membership" time="0.588" /><testcase classname="backend.tests.test_grindstation" name="test_subscribe_deactivates_prior_membership" time="0.385" /><testcase classname="backend.tests.test_grindstation" name="test_subscribe_invalid_method" time="0.241" /><testcase classname="backend.tests.test_grindstation" name="test_subscribe_unauth" time="0.102" /><testcase classname="backend.tests.test_grindstation" name="test_dashboard_me_shape" time="0.120" /><testcase classname="backend.tests.test_grindstation" name="test_list_classes_seeded" time="0.114" /><testcase classname="backend.tests.test_grindstation" name="test_book_class_requires_active_membership" time="0.572" /><testcase classname="backend.tests.test_grindstation" name="test_book_and_duplicate_and_cancel" time="0.465" /><testcase classname="backend.tests.test_grindstation" name="test_recovery_usage_initial" time="0.107" /><testcase classname="backend.tests.test_grindstation" name="test_recovery_book_enforces_limit" time="0.479" /><testcase classname="backend.tests.test_grindstation" name="test_recovery_requires_membership" time="0.457" /><testcase classname="backend.tests.test_grindstation" name="test_admin_endpoints_require_admin[/admin/users]" time="0.218" /><testcase classname="backend.tests.test_grindstation" name="test_admin_endpoints_require_admin[/admin/payments]" time="0.214" /><testcase classname="backend.tests.test_grindstation" name="test_admin_endpoints_require_admin[/admin/analytics]" time="0.230" /><testcase classname="backend.tests.test_grindstation" name="test_admin_endpoints_require_admin[/admin/recovery]" time="0.238" /><testcase classname="backend.tests.test_grindstation" name="test_admin_endpoints_require_admin[/admin/bookings]" time="0.221" /><testcase classname="backend.tests.test_grindstation" name="test_admin_analytics_shape" time="0.112" /><testcase classname="backend.tests.test_grindstation" name="test_admin_recovery_reset" time="0.114" /><testcase classname="backend.tests.test_grindstation" name="test_contact_no_auth" time="0.112" /></testsuite></testsuites>