<?xml version="1.0" encoding="utf-8"?><testsuites name="pytest tests"><testsuite name="pytest" errors="0" failures="2" skipped="0" tests="30" time="8.638" timestamp="2026-06-10T16:18:10.210629+00:00" hostname="agent-env-5ff9617f-e6cd-4405-9348-64520afb7f4a"><testcase classname="tests.test_grindstation" name="test_health" time="0.168" /><testcase classname="tests.test_grindstation" name="test_register_new_user_returns_token_and_cookie" time="0.328" /><testcase classname="tests.test_grindstation" name="test_register_duplicate_email_rejected" time="0.108" /><testcase classname="tests.test_grindstation" name="test_login_admin_and_member" time="0.679" /><testcase classname="tests.test_grindstation" name="test_login_invalid" time="0.332" /><testcase classname="tests.test_grindstation" name="test_me_with_bearer" time="0.480" /><testcase classname="tests.test_grindstation" name="test_me_with_cookie" time="0.460" /><testcase classname="tests.test_grindstation" name="test_me_no_auth" time="0.110" /><testcase classname="tests.test_grindstation" name="test_logout_clears_cookie" time="0.132" /><testcase classname="tests.test_grindstation" name="test_list_plans_seeded" time="0.134" /><testcase classname="tests.test_grindstation" name="test_update_plan_admin_only" time="0.783" /><testcase classname="tests.test_grindstation" name="test_subscribe_computes_final_amount_and_creates_membership" time="0.559" /><testcase classname="tests.test_grindstation" name="test_subscribe_deactivates_prior_membership" time="0.360" /><testcase classname="tests.test_grindstation" name="test_subscribe_invalid_method" time="0.225" /><testcase classname="tests.test_grindstation" name="test_subscribe_unauth" time="0.107" /><testcase classname="tests.test_grindstation" name="test_dashboard_me_shape" time="0.109" /><testcase classname="tests.test_grindstation" name="test_list_classes_seeded" time="0.135" /><testcase classname="tests.test_grindstation" name="test_book_class_requires_active_membership" time="0.565"><failure message="assert 400 == 403&#10; +  where 400 = &lt;Response [400]&gt;.status_code">tests/test_grindstation.py:212: in test_book_class_requires_active_membership
    assert r.status_code == 403
E   assert 400 == 403
E    +  where 400 = &lt;Response [400]&gt;.status_code</failure></testcase><testcase classname="tests.test_grindstation" name="test_book_and_duplicate_and_cancel" time="0.215"><failure message="AssertionError: {&quot;detail&quot;:&quot;Cannot book past sessions&quot;}&#10;assert 400 == 200&#10; +  where 400 = &lt;Response [400]&gt;.status_code">tests/test_grindstation.py:222: in test_book_and_duplicate_and_cancel
    assert r.status_code == 200, r.text
E   AssertionError: {"detail":"Cannot book past sessions"}
E   assert 400 == 200
E    +  where 400 = &lt;Response [400]&gt;.status_code</failure></testcase><testcase classname="tests.test_grindstation" name="test_recovery_usage_initial" time="0.108" /><testcase classname="tests.test_grindstation" name="test_recovery_book_enforces_limit" time="0.426" /><testcase classname="tests.test_grindstation" name="test_recovery_requires_membership" time="0.467" /><testcase classname="tests.test_grindstation" name="test_admin_endpoints_require_admin[/admin/users]" time="0.254" /><testcase classname="tests.test_grindstation" name="test_admin_endpoints_require_admin[/admin/payments]" time="0.264" /><testcase classname="tests.test_grindstation" name="test_admin_endpoints_require_admin[/admin/analytics]" time="0.224" /><testcase classname="tests.test_grindstation" name="test_admin_endpoints_require_admin[/admin/recovery]" time="0.247" /><testcase classname="tests.test_grindstation" name="test_admin_endpoints_require_admin[/admin/bookings]" time="0.217" /><testcase classname="tests.test_grindstation" name="test_admin_analytics_shape" time="0.117" /><testcase classname="tests.test_grindstation" name="test_admin_recovery_reset" time="0.101" /><testcase classname="tests.test_grindstation" name="test_contact_no_auth" time="0.111" /></testsuite></testsuites>