<?xml version="1.0" encoding="utf-8"?><testsuites name="pytest tests"><testsuite name="pytest" errors="0" failures="0" skipped="0" tests="16" time="10.436" timestamp="2026-06-10T16:17:52.641723+00:00" hostname="agent-env-5ff9617f-e6cd-4405-9348-64520afb7f4a"><testcase classname="tests.test_grindstation_v2" name="test_payment_config_disabled_when_no_keys" time="0.314" /><testcase classname="tests.test_grindstation_v2" name="test_create_order_returns_pending_payment_id_inr_and_mock_flag" time="0.645" /><testcase classname="tests.test_grindstation_v2" name="test_verify_creates_membership_and_deactivates_prior" time="1.097" /><testcase classname="tests.test_grindstation_v2" name="test_verify_twice_second_call_fails_400" time="0.809" /><testcase classname="tests.test_grindstation_v2" name="test_legacy_subscribe_still_works" time="0.536" /><testcase classname="tests.test_grindstation_v2" name="test_forgot_password_existing_email_returns_dev_token" time="0.437" /><testcase classname="tests.test_grindstation_v2" name="test_forgot_password_unknown_email_no_leak" time="0.121" /><testcase classname="tests.test_grindstation_v2" name="test_reset_password_flow_then_login_with_new_password" time="1.436" /><testcase classname="tests.test_grindstation_v2" name="test_book_past_session_rejected" time="0.868" /><testcase classname="tests.test_grindstation_v2" name="test_book_beyond_3_days_rejected" time="0.295" /><testcase classname="tests.test_grindstation_v2" name="test_book_within_window_succeeds" time="0.531" /><testcase classname="tests.test_grindstation_v2" name="test_invoice_pdf_for_successful_payment" time="0.253" /><testcase classname="tests.test_grindstation_v2" name="test_invoice_pdf_wrong_user_returns_404" time="0.559" /><testcase classname="tests.test_grindstation_v2" name="test_invoice_pdf_pending_returns_400" time="0.696" /><testcase classname="tests.test_grindstation_v2" name="test_dashboard_payments_excludes_pending" time="0.688" /><testcase classname="tests.test_grindstation_v2" name="test_admin_payments_excludes_pending" time="1.084" /></testsuite></testsuites>