<?xml version="1.0" encoding="utf-8"?><testsuites name="pytest tests"><testsuite name="pytest" errors="0" failures="0" skipped="0" tests="19" time="27.232" timestamp="2026-06-10T16:28:17.213337+00:00" hostname="agent-env-5ff9617f-e6cd-4405-9348-64520afb7f4a"><testcase classname="tests.test_grindstation_v3" name="test_avatar_upload_requires_auth" time="0.321" /><testcase classname="tests.test_grindstation_v3" name="test_avatar_upload_valid_jpeg" time="0.732" /><testcase classname="tests.test_grindstation_v3" name="test_avatar_upload_valid_png" time="19.749" /><testcase classname="tests.test_grindstation_v3" name="test_avatar_upload_valid_webp" time="0.493" /><testcase classname="tests.test_grindstation_v3" name="test_avatar_reject_invalid_content_type" time="0.135" /><testcase classname="tests.test_grindstation_v3" name="test_avatar_reject_text_file" time="0.112" /><testcase classname="tests.test_grindstation_v3" name="test_avatar_reject_oversized" time="1.019" /><testcase classname="tests.test_grindstation_v3" name="test_avatar_reject_empty_file" time="0.095" /><testcase classname="tests.test_grindstation_v3" name="test_avatar_fetch_public_no_auth" time="0.581" /><testcase classname="tests.test_grindstation_v3" name="test_avatar_fetch_wrong_user_returns_404" time="0.120" /><testcase classname="tests.test_grindstation_v3" name="test_me_includes_avatar_url_after_upload" time="1.542" /><testcase classname="tests.test_grindstation_v3" name="test_me_avatar_url_null_for_fresh_user" time="0.453" /><testcase classname="tests.test_grindstation_v3" name="test_avatar_delete_requires_auth" time="0.104" /><testcase classname="tests.test_grindstation_v3" name="test_avatar_delete_flow_clears_avatar" time="0.992" /><testcase classname="tests.test_grindstation_v3" name="test_pwa_manifest_json" time="0.219" /><testcase classname="tests.test_grindstation_v3" name="test_pwa_service_worker_js" time="0.128" /><testcase classname="tests.test_grindstation_v3" name="test_pwa_icon_192_png" time="0.104" /><testcase classname="tests.test_grindstation_v3" name="test_pwa_icon_512_png" time="0.111" /><testcase classname="tests.test_grindstation_v3" name="test_pwa_icon_svg" time="0.115" /></testsuite></testsuites>